2020-02-26 15:33:10.396  INFO 5008 --- [restartedMain] c.m.c.community.CommunityApplication     : Starting CommunityApplication on DESKTOP-DR70EAK with PID 5008 (G:\java_codes\community\target\classes started by 陈亚萌 in G:\java_codes\community)
2020-02-26 15:33:10.430  INFO 5008 --- [restartedMain] c.m.c.community.CommunityApplication     : No active profile set, falling back to default profiles: default
2020-02-26 15:33:10.574  INFO 5008 --- [restartedMain] .e.DevToolsPropertyDefaultsPostProcessor : Devtools property defaults active! Set 'spring.devtools.add-properties' to 'false' to disable
2020-02-26 15:33:10.574  INFO 5008 --- [restartedMain] .e.DevToolsPropertyDefaultsPostProcessor : For additional web related logging consider setting the 'logging.level.web' property to 'DEBUG'
2020-02-26 15:33:10.925  WARN 5008 --- [background-preinit] o.s.h.c.j.Jackson2ObjectMapperBuilder    : For Jackson Kotlin classes support please add "com.fasterxml.jackson.module:jackson-module-kotlin" to the classpath
2020-02-26 15:33:14.041  INFO 5008 --- [restartedMain] o.s.b.w.embedded.tomcat.TomcatWebServer  : Tomcat initialized with port(s): 80 (http)
2020-02-26 15:33:14.075  INFO 5008 --- [restartedMain] o.apache.catalina.core.StandardService   : Starting service [Tomcat]
2020-02-26 15:33:14.076  INFO 5008 --- [restartedMain] org.apache.catalina.core.StandardEngine  : Starting Servlet engine: [Apache Tomcat/9.0.24]
2020-02-26 15:33:14.085  INFO 5008 --- [restartedMain] o.a.catalina.core.AprLifecycleListener   : An older version [1.2.17] of the APR based Apache Tomcat Native library is installed, while Tomcat recommends a minimum version of [1.2.23]
2020-02-26 15:33:14.086  INFO 5008 --- [restartedMain] o.a.catalina.core.AprLifecycleListener   : Loaded APR based Apache Tomcat Native library [1.2.17] using APR version [1.6.3].
2020-02-26 15:33:14.086  INFO 5008 --- [restartedMain] o.a.catalina.core.AprLifecycleListener   : APR capabilities: IPv6 [true], sendfile [true], accept filters [false], random [true].
2020-02-26 15:33:14.086  INFO 5008 --- [restartedMain] o.a.catalina.core.AprLifecycleListener   : APR/OpenSSL configuration: useAprConnector [false], useOpenSSL [true]
2020-02-26 15:33:15.258  INFO 5008 --- [restartedMain] o.a.catalina.core.AprLifecycleListener   : OpenSSL successfully initialized [OpenSSL 1.0.2o  27 Mar 2018]
2020-02-26 15:33:15.435  INFO 5008 --- [restartedMain] o.a.c.c.C.[Tomcat].[localhost].[/]       : Initializing Spring embedded WebApplicationContext
2020-02-26 15:33:15.435  INFO 5008 --- [restartedMain] o.s.web.context.ContextLoader            : Root WebApplicationContext: initialization completed in 4858 ms
2020-02-26 15:33:17.578  INFO 5008 --- [restartedMain] o.s.b.d.a.OptionalLiveReloadServer       : LiveReload server is running on port 35729
2020-02-26 15:33:17.650  INFO 5008 --- [restartedMain] o.s.b.w.embedded.tomcat.TomcatWebServer  : Tomcat started on port(s): 80 (http) with context path ''
2020-02-26 15:33:17.654  INFO 5008 --- [restartedMain] c.m.c.community.CommunityApplication     : Started CommunityApplication in 8.198 seconds (JVM running for 11.716)
2020-02-26 15:33:34.537  INFO 5008 --- [http-nio-80-exec-1] o.a.c.c.C.[Tomcat].[localhost].[/]       : Initializing Spring DispatcherServlet 'dispatcherServlet'
2020-02-26 15:33:34.537  INFO 5008 --- [http-nio-80-exec-1] o.s.web.servlet.DispatcherServlet        : Initializing Servlet 'dispatcherServlet'
2020-02-26 15:33:34.552  INFO 5008 --- [http-nio-80-exec-1] o.s.web.servlet.DispatcherServlet        : Completed initialization in 15 ms
2020-02-26 15:33:34.684  INFO 5008 --- [http-nio-80-exec-1] com.zaxxer.hikari.HikariDataSource       : HikariPool-1 - Starting...
2020-02-26 15:33:35.083  INFO 5008 --- [http-nio-80-exec-1] com.zaxxer.hikari.HikariDataSource       : HikariPool-1 - Start completed.
2020-02-26 15:33:35.102 DEBUG 5008 --- [http-nio-80-exec-1] c.m.c.c.m.Q.countBySearch                : ==>  Preparing: select count(*) from QUESTION 
2020-02-26 15:33:35.138 DEBUG 5008 --- [http-nio-80-exec-1] c.m.c.c.m.Q.countBySearch                : ==> Parameters: 
2020-02-26 15:33:35.178 DEBUG 5008 --- [http-nio-80-exec-1] c.m.c.c.m.Q.countBySearch                : <==      Total: 1
2020-02-26 15:33:35.186 DEBUG 5008 --- [http-nio-80-exec-1] c.m.c.c.m.Q.selectBySearch               : ==>  Preparing: select * from QUESTION order by gmt_create desc limit ?,? 
2020-02-26 15:33:35.192 DEBUG 5008 --- [http-nio-80-exec-1] c.m.c.c.m.Q.selectBySearch               : ==> Parameters: 0(Integer), 5(Integer)
2020-02-26 15:33:35.209 DEBUG 5008 --- [http-nio-80-exec-1] c.m.c.c.m.Q.selectBySearch               : <==      Total: 5
2020-02-26 15:33:35.210 DEBUG 5008 --- [http-nio-80-exec-1] c.m.c.c.m.UserMapper.selectByPrimaryKey  : ==>  Preparing: select ID, ACCOUNT_ID, NAME, TOKEN, GMT_CREATE, GMT_MODIFIED, BIO, AVATAR_URL from USER where ID = ? 
2020-02-26 15:33:35.215 DEBUG 5008 --- [http-nio-80-exec-1] c.m.c.c.m.UserMapper.selectByPrimaryKey  : ==> Parameters: 515(Long)
2020-02-26 15:33:35.218 DEBUG 5008 --- [http-nio-80-exec-1] c.m.c.c.m.UserMapper.selectByPrimaryKey  : <==      Total: 1
2020-02-26 15:33:35.229 DEBUG 5008 --- [http-nio-80-exec-1] c.m.c.c.m.UserMapper.selectByPrimaryKey  : ==>  Preparing: select ID, ACCOUNT_ID, NAME, TOKEN, GMT_CREATE, GMT_MODIFIED, BIO, AVATAR_URL from USER where ID = ? 
2020-02-26 15:33:35.230 DEBUG 5008 --- [http-nio-80-exec-1] c.m.c.c.m.UserMapper.selectByPrimaryKey  : ==> Parameters: 483(Long)
2020-02-26 15:33:35.231 DEBUG 5008 --- [http-nio-80-exec-1] c.m.c.c.m.UserMapper.selectByPrimaryKey  : <==      Total: 1
2020-02-26 15:33:35.232 DEBUG 5008 --- [http-nio-80-exec-1] c.m.c.c.m.UserMapper.selectByPrimaryKey  : ==>  Preparing: select ID, ACCOUNT_ID, NAME, TOKEN, GMT_CREATE, GMT_MODIFIED, BIO, AVATAR_URL from USER where ID = ? 
2020-02-26 15:33:35.232 DEBUG 5008 --- [http-nio-80-exec-1] c.m.c.c.m.UserMapper.selectByPrimaryKey  : ==> Parameters: 483(Long)
2020-02-26 15:33:35.233 DEBUG 5008 --- [http-nio-80-exec-1] c.m.c.c.m.UserMapper.selectByPrimaryKey  : <==      Total: 1
2020-02-26 15:33:35.234 DEBUG 5008 --- [http-nio-80-exec-1] c.m.c.c.m.UserMapper.selectByPrimaryKey  : ==>  Preparing: select ID, ACCOUNT_ID, NAME, TOKEN, GMT_CREATE, GMT_MODIFIED, BIO, AVATAR_URL from USER where ID = ? 
2020-02-26 15:33:35.234 DEBUG 5008 --- [http-nio-80-exec-1] c.m.c.c.m.UserMapper.selectByPrimaryKey  : ==> Parameters: 483(Long)
2020-02-26 15:33:35.235 DEBUG 5008 --- [http-nio-80-exec-1] c.m.c.c.m.UserMapper.selectByPrimaryKey  : <==      Total: 1
2020-02-26 15:33:35.236 DEBUG 5008 --- [http-nio-80-exec-1] c.m.c.c.m.UserMapper.selectByPrimaryKey  : ==>  Preparing: select ID, ACCOUNT_ID, NAME, TOKEN, GMT_CREATE, GMT_MODIFIED, BIO, AVATAR_URL from USER where ID = ? 
2020-02-26 15:33:35.236 DEBUG 5008 --- [http-nio-80-exec-1] c.m.c.c.m.UserMapper.selectByPrimaryKey  : ==> Parameters: 483(Long)
2020-02-26 15:33:35.237 DEBUG 5008 --- [http-nio-80-exec-1] c.m.c.c.m.UserMapper.selectByPrimaryKey  : <==      Total: 1
2020-02-26 15:33:37.240  WARN 5008 --- [http-nio-80-exec-7] o.s.web.servlet.PageNotFound             : No mapping for GET /favicon.ico
2020-02-26 15:40:44.065  INFO 12976 --- [restartedMain] c.m.c.community.CommunityApplication     : Starting CommunityApplication on DESKTOP-DR70EAK with PID 12976 (G:\java_codes\community\target\classes started by 陈亚萌 in G:\java_codes\community)
2020-02-26 15:40:44.067  INFO 12976 --- [restartedMain] c.m.c.community.CommunityApplication     : No active profile set, falling back to default profiles: default
2020-02-26 15:40:44.190  INFO 12976 --- [restartedMain] .e.DevToolsPropertyDefaultsPostProcessor : Devtools property defaults active! Set 'spring.devtools.add-properties' to 'false' to disable
2020-02-26 15:40:44.191  INFO 12976 --- [restartedMain] .e.DevToolsPropertyDefaultsPostProcessor : For additional web related logging consider setting the 'logging.level.web' property to 'DEBUG'
2020-02-26 15:40:44.427  WARN 12976 --- [background-preinit] o.s.h.c.j.Jackson2ObjectMapperBuilder    : For Jackson Kotlin classes support please add "com.fasterxml.jackson.module:jackson-module-kotlin" to the classpath
2020-02-26 15:40:47.196  INFO 12976 --- [restartedMain] o.s.b.w.embedded.tomcat.TomcatWebServer  : Tomcat initialized with port(s): 80 (http)
2020-02-26 15:40:47.226  INFO 12976 --- [restartedMain] o.apache.catalina.core.StandardService   : Starting service [Tomcat]
2020-02-26 15:40:47.227  INFO 12976 --- [restartedMain] org.apache.catalina.core.StandardEngine  : Starting Servlet engine: [Apache Tomcat/9.0.24]
2020-02-26 15:40:47.239  INFO 12976 --- [restartedMain] o.a.catalina.core.AprLifecycleListener   : An older version [1.2.17] of the APR based Apache Tomcat Native library is installed, while Tomcat recommends a minimum version of [1.2.23]
2020-02-26 15:40:47.240  INFO 12976 --- [restartedMain] o.a.catalina.core.AprLifecycleListener   : Loaded APR based Apache Tomcat Native library [1.2.17] using APR version [1.6.3].
2020-02-26 15:40:47.240  INFO 12976 --- [restartedMain] o.a.catalina.core.AprLifecycleListener   : APR capabilities: IPv6 [true], sendfile [true], accept filters [false], random [true].
2020-02-26 15:40:47.240  INFO 12976 --- [restartedMain] o.a.catalina.core.AprLifecycleListener   : APR/OpenSSL configuration: useAprConnector [false], useOpenSSL [true]
2020-02-26 15:40:48.309  INFO 12976 --- [restartedMain] o.a.catalina.core.AprLifecycleListener   : OpenSSL successfully initialized [OpenSSL 1.0.2o  27 Mar 2018]
2020-02-26 15:40:48.443  INFO 12976 --- [restartedMain] o.a.c.c.C.[Tomcat].[localhost].[/]       : Initializing Spring embedded WebApplicationContext
2020-02-26 15:40:48.444  INFO 12976 --- [restartedMain] o.s.web.context.ContextLoader            : Root WebApplicationContext: initialization completed in 4252 ms
2020-02-26 15:40:49.746  INFO 12976 --- [restartedMain] o.s.b.d.a.OptionalLiveReloadServer       : LiveReload server is running on port 35729
2020-02-26 15:40:49.815  INFO 12976 --- [restartedMain] o.s.b.w.embedded.tomcat.TomcatWebServer  : Tomcat started on port(s): 80 (http) with context path ''
2020-02-26 15:40:49.819  INFO 12976 --- [restartedMain] c.m.c.community.CommunityApplication     : Started CommunityApplication in 6.844 seconds (JVM running for 9.43)
2020-02-26 15:41:03.022  INFO 12976 --- [http-nio-80-exec-1] o.a.c.c.C.[Tomcat].[localhost].[/]       : Initializing Spring DispatcherServlet 'dispatcherServlet'
2020-02-26 15:41:03.023  INFO 12976 --- [http-nio-80-exec-1] o.s.web.servlet.DispatcherServlet        : Initializing Servlet 'dispatcherServlet'
2020-02-26 15:41:03.034  INFO 12976 --- [http-nio-80-exec-1] o.s.web.servlet.DispatcherServlet        : Completed initialization in 11 ms
2020-02-26 15:41:03.142  INFO 12976 --- [http-nio-80-exec-1] com.zaxxer.hikari.HikariDataSource       : HikariPool-1 - Starting...
2020-02-26 15:41:03.357  INFO 12976 --- [http-nio-80-exec-1] com.zaxxer.hikari.HikariDataSource       : HikariPool-1 - Start completed.
2020-02-26 15:41:03.369 DEBUG 12976 --- [http-nio-80-exec-1] c.m.c.c.m.Q.countBySearch                : ==>  Preparing: select count(*) from QUESTION 
2020-02-26 15:41:03.397 DEBUG 12976 --- [http-nio-80-exec-1] c.m.c.c.m.Q.countBySearch                : ==> Parameters: 
2020-02-26 15:41:03.423 DEBUG 12976 --- [http-nio-80-exec-1] c.m.c.c.m.Q.countBySearch                : <==      Total: 1
2020-02-26 15:41:03.428 DEBUG 12976 --- [http-nio-80-exec-1] c.m.c.c.m.Q.selectBySearch               : ==>  Preparing: select * from QUESTION order by gmt_create desc limit ?,? 
2020-02-26 15:41:03.431 DEBUG 12976 --- [http-nio-80-exec-1] c.m.c.c.m.Q.selectBySearch               : ==> Parameters: 0(Integer), 5(Integer)
2020-02-26 15:41:03.446 DEBUG 12976 --- [http-nio-80-exec-1] c.m.c.c.m.Q.selectBySearch               : <==      Total: 5
2020-02-26 15:41:03.447 DEBUG 12976 --- [http-nio-80-exec-1] c.m.c.c.m.UserMapper.selectByPrimaryKey  : ==>  Preparing: select ID, ACCOUNT_ID, NAME, TOKEN, GMT_CREATE, GMT_MODIFIED, BIO, AVATAR_URL from USER where ID = ? 
2020-02-26 15:41:03.449 DEBUG 12976 --- [http-nio-80-exec-1] c.m.c.c.m.UserMapper.selectByPrimaryKey  : ==> Parameters: 515(Long)
2020-02-26 15:41:03.452 DEBUG 12976 --- [http-nio-80-exec-1] c.m.c.c.m.UserMapper.selectByPrimaryKey  : <==      Total: 1
2020-02-26 15:41:03.461 DEBUG 12976 --- [http-nio-80-exec-1] c.m.c.c.m.UserMapper.selectByPrimaryKey  : ==>  Preparing: select ID, ACCOUNT_ID, NAME, TOKEN, GMT_CREATE, GMT_MODIFIED, BIO, AVATAR_URL from USER where ID = ? 
2020-02-26 15:41:03.461 DEBUG 12976 --- [http-nio-80-exec-1] c.m.c.c.m.UserMapper.selectByPrimaryKey  : ==> Parameters: 483(Long)
2020-02-26 15:41:03.462 DEBUG 12976 --- [http-nio-80-exec-1] c.m.c.c.m.UserMapper.selectByPrimaryKey  : <==      Total: 1
2020-02-26 15:41:03.463 DEBUG 12976 --- [http-nio-80-exec-1] c.m.c.c.m.UserMapper.selectByPrimaryKey  : ==>  Preparing: select ID, ACCOUNT_ID, NAME, TOKEN, GMT_CREATE, GMT_MODIFIED, BIO, AVATAR_URL from USER where ID = ? 
2020-02-26 15:41:03.463 DEBUG 12976 --- [http-nio-80-exec-1] c.m.c.c.m.UserMapper.selectByPrimaryKey  : ==> Parameters: 483(Long)
2020-02-26 15:41:03.465 DEBUG 12976 --- [http-nio-80-exec-1] c.m.c.c.m.UserMapper.selectByPrimaryKey  : <==      Total: 1
2020-02-26 15:41:03.466 DEBUG 12976 --- [http-nio-80-exec-1] c.m.c.c.m.UserMapper.selectByPrimaryKey  : ==>  Preparing: select ID, ACCOUNT_ID, NAME, TOKEN, GMT_CREATE, GMT_MODIFIED, BIO, AVATAR_URL from USER where ID = ? 
2020-02-26 15:41:03.468 DEBUG 12976 --- [http-nio-80-exec-1] c.m.c.c.m.UserMapper.selectByPrimaryKey  : ==> Parameters: 483(Long)
2020-02-26 15:41:03.471 DEBUG 12976 --- [http-nio-80-exec-1] c.m.c.c.m.UserMapper.selectByPrimaryKey  : <==      Total: 1
2020-02-26 15:41:03.472 DEBUG 12976 --- [http-nio-80-exec-1] c.m.c.c.m.UserMapper.selectByPrimaryKey  : ==>  Preparing: select ID, ACCOUNT_ID, NAME, TOKEN, GMT_CREATE, GMT_MODIFIED, BIO, AVATAR_URL from USER where ID = ? 
2020-02-26 15:41:03.473 DEBUG 12976 --- [http-nio-80-exec-1] c.m.c.c.m.UserMapper.selectByPrimaryKey  : ==> Parameters: 483(Long)
2020-02-26 15:41:03.473 DEBUG 12976 --- [http-nio-80-exec-1] c.m.c.c.m.UserMapper.selectByPrimaryKey  : <==      Total: 1
